<?xml version="1.0" encoding="UTF-8"?>
<testsuite xmlns:xsi="http://www.w3.org/2001/XMLSchema-instance" xsi:noNamespaceSchemaLocation="https://maven.apache.org/surefire/maven-surefire-plugin/xsd/surefire-test-report.xsd" name="com.github.exbotanical.resource.controllers.ResourceControllerTest" time="2.794" tests="5" errors="0" skipped="0" failures="1">
  <properties>
    <property name="java.specification.version" value="17"/>
    <property name="sun.jnu.encoding" value="UTF-8"/>
    <property name="java.class.path" value="/home/goldmund/repositories/gouache/services/resource/target/test-classes:/home/goldmund/repositories/gouache/services/resource/target/classes:/home/goldmund/.m2/repository/org/springframework/boot/spring-boot-starter-web/2.7.2/spring-boot-starter-web-2.7.2.jar:/home/goldmund/.m2/repository/org/springframework/boot/spring-boot-starter/2.7.2/spring-boot-starter-2.7.2.jar:/home/goldmund/.m2/repository/org/springframework/boot/spring-boot-starter-logging/2.7.2/spring-boot-starter-logging-2.7.2.jar:/home/goldmund/.m2/repository/ch/qos/logback/logback-classic/1.2.11/logback-classic-1.2.11.jar:/home/goldmund/.m2/repository/ch/qos/logback/logback-core/1.2.11/logback-core-1.2.11.jar:/home/goldmund/.m2/repository/org/apache/logging/log4j/log4j-to-slf4j/2.17.2/log4j-to-slf4j-2.17.2.jar:/home/goldmund/.m2/repository/org/slf4j/jul-to-slf4j/1.7.36/jul-to-slf4j-1.7.36.jar:/home/goldmund/.m2/repository/jakarta/annotation/jakarta.annotation-api/1.3.5/jakarta.annotation-api-1.3.5.jar:/home/goldmund/.m2/repository/org/yaml/snakeyaml/1.30/snakeyaml-1.30.jar:/home/goldmund/.m2/repository/org/springframework/boot/spring-boot-starter-json/2.7.2/spring-boot-starter-json-2.7.2.jar:/home/goldmund/.m2/repository/com/fasterxml/jackson/core/jackson-databind/2.13.3/jackson-databind-2.13.3.jar:/home/goldmund/.m2/repository/com/fasterxml/jackson/core/jackson-annotations/2.13.3/jackson-annotations-2.13.3.jar:/home/goldmund/.m2/repository/com/fasterxml/jackson/core/jackson-core/2.13.3/jackson-core-2.13.3.jar:/home/goldmund/.m2/repository/com/fasterxml/jackson/datatype/jackson-datatype-jdk8/2.13.3/jackson-datatype-jdk8-2.13.3.jar:/home/goldmund/.m2/repository/com/fasterxml/jackson/datatype/jackson-datatype-jsr310/2.13.3/jackson-datatype-jsr310-2.13.3.jar:/home/goldmund/.m2/repository/com/fasterxml/jackson/module/jackson-module-parameter-names/2.13.3/jackson-module-parameter-names-2.13.3.jar:/home/goldmund/.m2/repository/org/springframework/boot/spring-boot-starter-tomcat/2.7.2/spring-boot-starter-tomcat-2.7.2.jar:/home/goldmund/.m2/repository/org/apache/tomcat/embed/tomcat-embed-core/9.0.65/tomcat-embed-core-9.0.65.jar:/home/goldmund/.m2/repository/org/apache/tomcat/embed/tomcat-embed-websocket/9.0.65/tomcat-embed-websocket-9.0.65.jar:/home/goldmund/.m2/repository/org/springframework/spring-web/5.3.22/spring-web-5.3.22.jar:/home/goldmund/.m2/repository/org/springframework/spring-beans/5.3.22/spring-beans-5.3.22.jar:/home/goldmund/.m2/repository/org/springframework/spring-webmvc/5.3.22/spring-webmvc-5.3.22.jar:/home/goldmund/.m2/repository/org/springframework/spring-aop/5.3.22/spring-aop-5.3.22.jar:/home/goldmund/.m2/repository/org/springframework/spring-context/5.3.22/spring-context-5.3.22.jar:/home/goldmund/.m2/repository/org/springframework/spring-expression/5.3.22/spring-expression-5.3.22.jar:/home/goldmund/.m2/repository/org/springframework/boot/spring-boot-devtools/2.7.2/spring-boot-devtools-2.7.2.jar:/home/goldmund/.m2/repository/org/springframework/boot/spring-boot/2.7.2/spring-boot-2.7.2.jar:/home/goldmund/.m2/repository/org/springframework/boot/spring-boot-autoconfigure/2.7.2/spring-boot-autoconfigure-2.7.2.jar:/home/goldmund/.m2/repository/org/springframework/boot/spring-boot-starter-validation/2.7.2/spring-boot-starter-validation-2.7.2.jar:/home/goldmund/.m2/repository/org/apache/tomcat/embed/tomcat-embed-el/9.0.65/tomcat-embed-el-9.0.65.jar:/home/goldmund/.m2/repository/org/hibernate/validator/hibernate-validator/6.2.3.Final/hibernate-validator-6.2.3.Final.jar:/home/goldmund/.m2/repository/jakarta/validation/jakarta.validation-api/2.0.2/jakarta.validation-api-2.0.2.jar:/home/goldmund/.m2/repository/org/jboss/logging/jboss-logging/3.4.3.Final/jboss-logging-3.4.3.Final.jar:/home/goldmund/.m2/repository/com/fasterxml/classmate/1.5.1/classmate-1.5.1.jar:/home/goldmund/.m2/repository/org/springframework/boot/spring-boot-starter-test/2.7.2/spring-boot-starter-test-2.7.2.jar:/home/goldmund/.m2/repository/org/springframework/boot/spring-boot-test/2.7.2/spring-boot-test-2.7.2.jar:/home/goldmund/.m2/repository/org/springframework/boot/spring-boot-test-autoconfigure/2.7.2/spring-boot-test-autoconfigure-2.7.2.jar:/home/goldmund/.m2/repository/com/jayway/jsonpath/json-path/2.7.0/json-path-2.7.0.jar:/home/goldmund/.m2/repository/net/minidev/json-smart/2.4.8/json-smart-2.4.8.jar:/home/goldmund/.m2/repository/net/minidev/accessors-smart/2.4.8/accessors-smart-2.4.8.jar:/home/goldmund/.m2/repository/org/ow2/asm/asm/9.1/asm-9.1.jar:/home/goldmund/.m2/repository/org/slf4j/slf4j-api/1.7.36/slf4j-api-1.7.36.jar:/home/goldmund/.m2/repository/jakarta/xml/bind/jakarta.xml.bind-api/2.3.3/jakarta.xml.bind-api-2.3.3.jar:/home/goldmund/.m2/repository/jakarta/activation/jakarta.activation-api/1.2.2/jakarta.activation-api-1.2.2.jar:/home/goldmund/.m2/repository/org/assertj/assertj-core/3.22.0/assertj-core-3.22.0.jar:/home/goldmund/.m2/repository/org/hamcrest/hamcrest/2.2/hamcrest-2.2.jar:/home/goldmund/.m2/repository/org/junit/jupiter/junit-jupiter/5.8.2/junit-jupiter-5.8.2.jar:/home/goldmund/.m2/repository/org/junit/jupiter/junit-jupiter-api/5.8.2/junit-jupiter-api-5.8.2.jar:/home/goldmund/.m2/repository/org/opentest4j/opentest4j/1.2.0/opentest4j-1.2.0.jar:/home/goldmund/.m2/repository/org/junit/platform/junit-platform-commons/1.8.2/junit-platform-commons-1.8.2.jar:/home/goldmund/.m2/repository/org/apiguardian/apiguardian-api/1.1.2/apiguardian-api-1.1.2.jar:/home/goldmund/.m2/repository/org/junit/jupiter/junit-jupiter-params/5.8.2/junit-jupiter-params-5.8.2.jar:/home/goldmund/.m2/repository/org/junit/jupiter/junit-jupiter-engine/5.8.2/junit-jupiter-engine-5.8.2.jar:/home/goldmund/.m2/repository/org/junit/platform/junit-platform-engine/1.8.2/junit-platform-engine-1.8.2.jar:/home/goldmund/.m2/repository/org/mockito/mockito-junit-jupiter/4.5.1/mockito-junit-jupiter-4.5.1.jar:/home/goldmund/.m2/repository/org/skyscreamer/jsonassert/1.5.1/jsonassert-1.5.1.jar:/home/goldmund/.m2/repository/com/vaadin/external/google/android-json/0.0.20131108.vaadin1/android-json-0.0.20131108.vaadin1.jar:/home/goldmund/.m2/repository/org/springframework/spring-core/5.3.22/spring-core-5.3.22.jar:/home/goldmund/.m2/repository/org/springframework/spring-jcl/5.3.22/spring-jcl-5.3.22.jar:/home/goldmund/.m2/repository/org/springframework/spring-test/5.3.22/spring-test-5.3.22.jar:/home/goldmund/.m2/repository/org/xmlunit/xmlunit-core/2.9.0/xmlunit-core-2.9.0.jar:/home/goldmund/.m2/repository/org/springframework/boot/spring-boot-starter-actuator/2.7.2/spring-boot-starter-actuator-2.7.2.jar:/home/goldmund/.m2/repository/org/springframework/boot/spring-boot-actuator-autoconfigure/2.7.2/spring-boot-actuator-autoconfigure-2.7.2.jar:/home/goldmund/.m2/repository/org/springframework/boot/spring-boot-actuator/2.7.2/spring-boot-actuator-2.7.2.jar:/home/goldmund/.m2/repository/io/micrometer/micrometer-core/1.9.2/micrometer-core-1.9.2.jar:/home/goldmund/.m2/repository/org/hdrhistogram/HdrHistogram/2.1.12/HdrHistogram-2.1.12.jar:/home/goldmund/.m2/repository/org/latencyutils/LatencyUtils/2.0.3/LatencyUtils-2.0.3.jar:/home/goldmund/.m2/repository/org/projectlombok/lombok/1.18.24/lombok-1.18.24.jar:/home/goldmund/.m2/repository/com/amazonaws/aws-java-sdk-dynamodb/1.12.272/aws-java-sdk-dynamodb-1.12.272.jar:/home/goldmund/.m2/repository/com/amazonaws/aws-java-sdk-s3/1.12.272/aws-java-sdk-s3-1.12.272.jar:/home/goldmund/.m2/repository/com/amazonaws/aws-java-sdk-kms/1.12.272/aws-java-sdk-kms-1.12.272.jar:/home/goldmund/.m2/repository/com/amazonaws/aws-java-sdk-core/1.12.272/aws-java-sdk-core-1.12.272.jar:/home/goldmund/.m2/repository/commons-logging/commons-logging/1.1.3/commons-logging-1.1.3.jar:/home/goldmund/.m2/repository/commons-codec/commons-codec/1.15/commons-codec-1.15.jar:/home/goldmund/.m2/repository/org/apache/httpcomponents/httpclient/4.5.13/httpclient-4.5.13.jar:/home/goldmund/.m2/repository/software/amazon/ion/ion-java/1.0.2/ion-java-1.0.2.jar:/home/goldmund/.m2/repository/com/fasterxml/jackson/dataformat/jackson-dataformat-cbor/2.13.3/jackson-dataformat-cbor-2.13.3.jar:/home/goldmund/.m2/repository/joda-time/joda-time/2.8.1/joda-time-2.8.1.jar:/home/goldmund/.m2/repository/com/amazonaws/jmespath-java/1.12.272/jmespath-java-1.12.272.jar:/home/goldmund/.m2/repository/org/mockito/mockito-core/4.6.1/mockito-core-4.6.1.jar:/home/goldmund/.m2/repository/net/bytebuddy/byte-buddy/1.12.12/byte-buddy-1.12.12.jar:/home/goldmund/.m2/repository/net/bytebuddy/byte-buddy-agent/1.12.12/byte-buddy-agent-1.12.12.jar:/home/goldmund/.m2/repository/org/objenesis/objenesis/3.2/objenesis-3.2.jar:/home/goldmund/.m2/repository/com/amazonaws/DynamoDBLocal/1.13.2/DynamoDBLocal-1.13.2.jar:/home/goldmund/.m2/repository/org/antlr/antlr4-runtime/4.5/antlr4-runtime-4.5.jar:/home/goldmund/.m2/repository/org/abego/treelayout/org.abego.treelayout.core/1.0.1/org.abego.treelayout.core-1.0.1.jar:/home/goldmund/.m2/repository/commons-cli/commons-cli/1.2/commons-cli-1.2.jar:/home/goldmund/.m2/repository/org/apache/commons/commons-lang3/3.12.0/commons-lang3-3.12.0.jar:/home/goldmund/.m2/repository/org/apache/logging/log4j/log4j-api/2.17.2/log4j-api-2.17.2.jar:/home/goldmund/.m2/repository/org/apache/logging/log4j/log4j-core/2.17.2/log4j-core-2.17.2.jar:/home/goldmund/.m2/repository/org/eclipse/jetty/jetty-client/9.4.48.v20220622/jetty-client-9.4.48.v20220622.jar:/home/goldmund/.m2/repository/org/eclipse/jetty/jetty-http/9.4.48.v20220622/jetty-http-9.4.48.v20220622.jar:/home/goldmund/.m2/repository/org/eclipse/jetty/jetty-util/9.4.48.v20220622/jetty-util-9.4.48.v20220622.jar:/home/goldmund/.m2/repository/org/eclipse/jetty/jetty-io/9.4.48.v20220622/jetty-io-9.4.48.v20220622.jar:/home/goldmund/.m2/repository/org/eclipse/jetty/jetty-server/9.4.48.v20220622/jetty-server-9.4.48.v20220622.jar:/home/goldmund/.m2/repository/javax/servlet/javax.servlet-api/4.0.1/javax.servlet-api-4.0.1.jar:/home/goldmund/.m2/repository/com/google/guava/guava/21.0/guava-21.0.jar:/home/goldmund/.m2/repository/software/amazon/awssdk/dynamodb/2.17.259/dynamodb-2.17.259.jar:/home/goldmund/.m2/repository/software/amazon/awssdk/aws-json-protocol/2.17.259/aws-json-protocol-2.17.259.jar:/home/goldmund/.m2/repository/software/amazon/awssdk/third-party-jackson-core/2.17.259/third-party-jackson-core-2.17.259.jar:/home/goldmund/.m2/repository/software/amazon/awssdk/json-utils/2.17.259/json-utils-2.17.259.jar:/home/goldmund/.m2/repository/software/amazon/awssdk/protocol-core/2.17.259/protocol-core-2.17.259.jar:/home/goldmund/.m2/repository/software/amazon/awssdk/profiles/2.17.259/profiles-2.17.259.jar:/home/goldmund/.m2/repository/software/amazon/awssdk/sdk-core/2.17.259/sdk-core-2.17.259.jar:/home/goldmund/.m2/repository/org/reactivestreams/reactive-streams/1.0.4/reactive-streams-1.0.4.jar:/home/goldmund/.m2/repository/software/amazon/awssdk/auth/2.17.259/auth-2.17.259.jar:/home/goldmund/.m2/repository/software/amazon/eventstream/eventstream/1.0.1/eventstream-1.0.1.jar:/home/goldmund/.m2/repository/software/amazon/awssdk/http-client-spi/2.17.259/http-client-spi-2.17.259.jar:/home/goldmund/.m2/repository/software/amazon/awssdk/regions/2.17.259/regions-2.17.259.jar:/home/goldmund/.m2/repository/software/amazon/awssdk/annotations/2.17.259/annotations-2.17.259.jar:/home/goldmund/.m2/repository/software/amazon/awssdk/utils/2.17.259/utils-2.17.259.jar:/home/goldmund/.m2/repository/software/amazon/awssdk/aws-core/2.17.259/aws-core-2.17.259.jar:/home/goldmund/.m2/repository/software/amazon/awssdk/metrics-spi/2.17.259/metrics-spi-2.17.259.jar:/home/goldmund/.m2/repository/software/amazon/awssdk/apache-client/2.17.259/apache-client-2.17.259.jar:/home/goldmund/.m2/repository/org/apache/httpcomponents/httpcore/4.4.15/httpcore-4.4.15.jar:/home/goldmund/.m2/repository/software/amazon/awssdk/netty-nio-client/2.17.259/netty-nio-client-2.17.259.jar:/home/goldmund/.m2/repository/io/netty/netty-codec-http/4.1.79.Final/netty-codec-http-4.1.79.Final.jar:/home/goldmund/.m2/repository/io/netty/netty-codec-http2/4.1.79.Final/netty-codec-http2-4.1.79.Final.jar:/home/goldmund/.m2/repository/io/netty/netty-codec/4.1.79.Final/netty-codec-4.1.79.Final.jar:/home/goldmund/.m2/repository/io/netty/netty-transport/4.1.79.Final/netty-transport-4.1.79.Final.jar:/home/goldmund/.m2/repository/io/netty/netty-resolver/4.1.79.Final/netty-resolver-4.1.79.Final.jar:/home/goldmund/.m2/repository/io/netty/netty-common/4.1.79.Final/netty-common-4.1.79.Final.jar:/home/goldmund/.m2/repository/io/netty/netty-buffer/4.1.79.Final/netty-buffer-4.1.79.Final.jar:/home/goldmund/.m2/repository/io/netty/netty-handler/4.1.79.Final/netty-handler-4.1.79.Final.jar:/home/goldmund/.m2/repository/io/netty/netty-transport-native-unix-common/4.1.79.Final/netty-transport-native-unix-common-4.1.79.Final.jar:/home/goldmund/.m2/repository/io/netty/netty-transport-classes-epoll/4.1.79.Final/netty-transport-classes-epoll-4.1.79.Final.jar:/home/goldmund/.m2/repository/com/almworks/sqlite4java/sqlite4java/1.0.392/sqlite4java-1.0.392.jar:"/>
    <property name="java.vm.vendor" value="Private Build"/>
    <property name="sun.arch.data.model" value="64"/>
    <property name="java.vendor.url" value="Unknown"/>
    <property name="os.name" value="Linux"/>
    <property name="java.vm.specification.version" value="17"/>
    <property name="sun.java.launcher" value="SUN_STANDARD"/>
    <property name="user.country" value="US"/>
    <property name="sun.boot.library.path" value="/usr/lib/jvm/java-17-openjdk-amd64/lib"/>
    <property name="sun.java.command" value="/home/goldmund/repositories/gouache/services/resource/target/surefire/surefirebooter14603229165728299089.jar /home/goldmund/repositories/gouache/services/resource/target/surefire 2022-08-24T17-19-13_914-jvmRun1 surefire11756813956476016330tmp surefire_08520848383267759313tmp"/>
    <property name="jdk.debug" value="release"/>
    <property name="surefire.test.class.path" value="/home/goldmund/repositories/gouache/services/resource/target/test-classes:/home/goldmund/repositories/gouache/services/resource/target/classes:/home/goldmund/.m2/repository/org/springframework/boot/spring-boot-starter-web/2.7.2/spring-boot-starter-web-2.7.2.jar:/home/goldmund/.m2/repository/org/springframework/boot/spring-boot-starter/2.7.2/spring-boot-starter-2.7.2.jar:/home/goldmund/.m2/repository/org/springframework/boot/spring-boot-starter-logging/2.7.2/spring-boot-starter-logging-2.7.2.jar:/home/goldmund/.m2/repository/ch/qos/logback/logback-classic/1.2.11/logback-classic-1.2.11.jar:/home/goldmund/.m2/repository/ch/qos/logback/logback-core/1.2.11/logback-core-1.2.11.jar:/home/goldmund/.m2/repository/org/apache/logging/log4j/log4j-to-slf4j/2.17.2/log4j-to-slf4j-2.17.2.jar:/home/goldmund/.m2/repository/org/slf4j/jul-to-slf4j/1.7.36/jul-to-slf4j-1.7.36.jar:/home/goldmund/.m2/repository/jakarta/annotation/jakarta.annotation-api/1.3.5/jakarta.annotation-api-1.3.5.jar:/home/goldmund/.m2/repository/org/yaml/snakeyaml/1.30/snakeyaml-1.30.jar:/home/goldmund/.m2/repository/org/springframework/boot/spring-boot-starter-json/2.7.2/spring-boot-starter-json-2.7.2.jar:/home/goldmund/.m2/repository/com/fasterxml/jackson/core/jackson-databind/2.13.3/jackson-databind-2.13.3.jar:/home/goldmund/.m2/repository/com/fasterxml/jackson/core/jackson-annotations/2.13.3/jackson-annotations-2.13.3.jar:/home/goldmund/.m2/repository/com/fasterxml/jackson/core/jackson-core/2.13.3/jackson-core-2.13.3.jar:/home/goldmund/.m2/repository/com/fasterxml/jackson/datatype/jackson-datatype-jdk8/2.13.3/jackson-datatype-jdk8-2.13.3.jar:/home/goldmund/.m2/repository/com/fasterxml/jackson/datatype/jackson-datatype-jsr310/2.13.3/jackson-datatype-jsr310-2.13.3.jar:/home/goldmund/.m2/repository/com/fasterxml/jackson/module/jackson-module-parameter-names/2.13.3/jackson-module-parameter-names-2.13.3.jar:/home/goldmund/.m2/repository/org/springframework/boot/spring-boot-starter-tomcat/2.7.2/spring-boot-starter-tomcat-2.7.2.jar:/home/goldmund/.m2/repository/org/apache/tomcat/embed/tomcat-embed-core/9.0.65/tomcat-embed-core-9.0.65.jar:/home/goldmund/.m2/repository/org/apache/tomcat/embed/tomcat-embed-websocket/9.0.65/tomcat-embed-websocket-9.0.65.jar:/home/goldmund/.m2/repository/org/springframework/spring-web/5.3.22/spring-web-5.3.22.jar:/home/goldmund/.m2/repository/org/springframework/spring-beans/5.3.22/spring-beans-5.3.22.jar:/home/goldmund/.m2/repository/org/springframework/spring-webmvc/5.3.22/spring-webmvc-5.3.22.jar:/home/goldmund/.m2/repository/org/springframework/spring-aop/5.3.22/spring-aop-5.3.22.jar:/home/goldmund/.m2/repository/org/springframework/spring-context/5.3.22/spring-context-5.3.22.jar:/home/goldmund/.m2/repository/org/springframework/spring-expression/5.3.22/spring-expression-5.3.22.jar:/home/goldmund/.m2/repository/org/springframework/boot/spring-boot-devtools/2.7.2/spring-boot-devtools-2.7.2.jar:/home/goldmund/.m2/repository/org/springframework/boot/spring-boot/2.7.2/spring-boot-2.7.2.jar:/home/goldmund/.m2/repository/org/springframework/boot/spring-boot-autoconfigure/2.7.2/spring-boot-autoconfigure-2.7.2.jar:/home/goldmund/.m2/repository/org/springframework/boot/spring-boot-starter-validation/2.7.2/spring-boot-starter-validation-2.7.2.jar:/home/goldmund/.m2/repository/org/apache/tomcat/embed/tomcat-embed-el/9.0.65/tomcat-embed-el-9.0.65.jar:/home/goldmund/.m2/repository/org/hibernate/validator/hibernate-validator/6.2.3.Final/hibernate-validator-6.2.3.Final.jar:/home/goldmund/.m2/repository/jakarta/validation/jakarta.validation-api/2.0.2/jakarta.validation-api-2.0.2.jar:/home/goldmund/.m2/repository/org/jboss/logging/jboss-logging/3.4.3.Final/jboss-logging-3.4.3.Final.jar:/home/goldmund/.m2/repository/com/fasterxml/classmate/1.5.1/classmate-1.5.1.jar:/home/goldmund/.m2/repository/org/springframework/boot/spring-boot-starter-test/2.7.2/spring-boot-starter-test-2.7.2.jar:/home/goldmund/.m2/repository/org/springframework/boot/spring-boot-test/2.7.2/spring-boot-test-2.7.2.jar:/home/goldmund/.m2/repository/org/springframework/boot/spring-boot-test-autoconfigure/2.7.2/spring-boot-test-autoconfigure-2.7.2.jar:/home/goldmund/.m2/repository/com/jayway/jsonpath/json-path/2.7.0/json-path-2.7.0.jar:/home/goldmund/.m2/repository/net/minidev/json-smart/2.4.8/json-smart-2.4.8.jar:/home/goldmund/.m2/repository/net/minidev/accessors-smart/2.4.8/accessors-smart-2.4.8.jar:/home/goldmund/.m2/repository/org/ow2/asm/asm/9.1/asm-9.1.jar:/home/goldmund/.m2/repository/org/slf4j/slf4j-api/1.7.36/slf4j-api-1.7.36.jar:/home/goldmund/.m2/repository/jakarta/xml/bind/jakarta.xml.bind-api/2.3.3/jakarta.xml.bind-api-2.3.3.jar:/home/goldmund/.m2/repository/jakarta/activation/jakarta.activation-api/1.2.2/jakarta.activation-api-1.2.2.jar:/home/goldmund/.m2/repository/org/assertj/assertj-core/3.22.0/assertj-core-3.22.0.jar:/home/goldmund/.m2/repository/org/hamcrest/hamcrest/2.2/hamcrest-2.2.jar:/home/goldmund/.m2/repository/org/junit/jupiter/junit-jupiter/5.8.2/junit-jupiter-5.8.2.jar:/home/goldmund/.m2/repository/org/junit/jupiter/junit-jupiter-api/5.8.2/junit-jupiter-api-5.8.2.jar:/home/goldmund/.m2/repository/org/opentest4j/opentest4j/1.2.0/opentest4j-1.2.0.jar:/home/goldmund/.m2/repository/org/junit/platform/junit-platform-commons/1.8.2/junit-platform-commons-1.8.2.jar:/home/goldmund/.m2/repository/org/apiguardian/apiguardian-api/1.1.2/apiguardian-api-1.1.2.jar:/home/goldmund/.m2/repository/org/junit/jupiter/junit-jupiter-params/5.8.2/junit-jupiter-params-5.8.2.jar:/home/goldmund/.m2/repository/org/junit/jupiter/junit-jupiter-engine/5.8.2/junit-jupiter-engine-5.8.2.jar:/home/goldmund/.m2/repository/org/junit/platform/junit-platform-engine/1.8.2/junit-platform-engine-1.8.2.jar:/home/goldmund/.m2/repository/org/mockito/mockito-junit-jupiter/4.5.1/mockito-junit-jupiter-4.5.1.jar:/home/goldmund/.m2/repository/org/skyscreamer/jsonassert/1.5.1/jsonassert-1.5.1.jar:/home/goldmund/.m2/repository/com/vaadin/external/google/android-json/0.0.20131108.vaadin1/android-json-0.0.20131108.vaadin1.jar:/home/goldmund/.m2/repository/org/springframework/spring-core/5.3.22/spring-core-5.3.22.jar:/home/goldmund/.m2/repository/org/springframework/spring-jcl/5.3.22/spring-jcl-5.3.22.jar:/home/goldmund/.m2/repository/org/springframework/spring-test/5.3.22/spring-test-5.3.22.jar:/home/goldmund/.m2/repository/org/xmlunit/xmlunit-core/2.9.0/xmlunit-core-2.9.0.jar:/home/goldmund/.m2/repository/org/springframework/boot/spring-boot-starter-actuator/2.7.2/spring-boot-starter-actuator-2.7.2.jar:/home/goldmund/.m2/repository/org/springframework/boot/spring-boot-actuator-autoconfigure/2.7.2/spring-boot-actuator-autoconfigure-2.7.2.jar:/home/goldmund/.m2/repository/org/springframework/boot/spring-boot-actuator/2.7.2/spring-boot-actuator-2.7.2.jar:/home/goldmund/.m2/repository/io/micrometer/micrometer-core/1.9.2/micrometer-core-1.9.2.jar:/home/goldmund/.m2/repository/org/hdrhistogram/HdrHistogram/2.1.12/HdrHistogram-2.1.12.jar:/home/goldmund/.m2/repository/org/latencyutils/LatencyUtils/2.0.3/LatencyUtils-2.0.3.jar:/home/goldmund/.m2/repository/org/projectlombok/lombok/1.18.24/lombok-1.18.24.jar:/home/goldmund/.m2/repository/com/amazonaws/aws-java-sdk-dynamodb/1.12.272/aws-java-sdk-dynamodb-1.12.272.jar:/home/goldmund/.m2/repository/com/amazonaws/aws-java-sdk-s3/1.12.272/aws-java-sdk-s3-1.12.272.jar:/home/goldmund/.m2/repository/com/amazonaws/aws-java-sdk-kms/1.12.272/aws-java-sdk-kms-1.12.272.jar:/home/goldmund/.m2/repository/com/amazonaws/aws-java-sdk-core/1.12.272/aws-java-sdk-core-1.12.272.jar:/home/goldmund/.m2/repository/commons-logging/commons-logging/1.1.3/commons-logging-1.1.3.jar:/home/goldmund/.m2/repository/commons-codec/commons-codec/1.15/commons-codec-1.15.jar:/home/goldmund/.m2/repository/org/apache/httpcomponents/httpclient/4.5.13/httpclient-4.5.13.jar:/home/goldmund/.m2/repository/software/amazon/ion/ion-java/1.0.2/ion-java-1.0.2.jar:/home/goldmund/.m2/repository/com/fasterxml/jackson/dataformat/jackson-dataformat-cbor/2.13.3/jackson-dataformat-cbor-2.13.3.jar:/home/goldmund/.m2/repository/joda-time/joda-time/2.8.1/joda-time-2.8.1.jar:/home/goldmund/.m2/repository/com/amazonaws/jmespath-java/1.12.272/jmespath-java-1.12.272.jar:/home/goldmund/.m2/repository/org/mockito/mockito-core/4.6.1/mockito-core-4.6.1.jar:/home/goldmund/.m2/repository/net/bytebuddy/byte-buddy/1.12.12/byte-buddy-1.12.12.jar:/home/goldmund/.m2/repository/net/bytebuddy/byte-buddy-agent/1.12.12/byte-buddy-agent-1.12.12.jar:/home/goldmund/.m2/repository/org/objenesis/objenesis/3.2/objenesis-3.2.jar:/home/goldmund/.m2/repository/com/amazonaws/DynamoDBLocal/1.13.2/DynamoDBLocal-1.13.2.jar:/home/goldmund/.m2/repository/org/antlr/antlr4-runtime/4.5/antlr4-runtime-4.5.jar:/home/goldmund/.m2/repository/org/abego/treelayout/org.abego.treelayout.core/1.0.1/org.abego.treelayout.core-1.0.1.jar:/home/goldmund/.m2/repository/commons-cli/commons-cli/1.2/commons-cli-1.2.jar:/home/goldmund/.m2/repository/org/apache/commons/commons-lang3/3.12.0/commons-lang3-3.12.0.jar:/home/goldmund/.m2/repository/org/apache/logging/log4j/log4j-api/2.17.2/log4j-api-2.17.2.jar:/home/goldmund/.m2/repository/org/apache/logging/log4j/log4j-core/2.17.2/log4j-core-2.17.2.jar:/home/goldmund/.m2/repository/org/eclipse/jetty/jetty-client/9.4.48.v20220622/jetty-client-9.4.48.v20220622.jar:/home/goldmund/.m2/repository/org/eclipse/jetty/jetty-http/9.4.48.v20220622/jetty-http-9.4.48.v20220622.jar:/home/goldmund/.m2/repository/org/eclipse/jetty/jetty-util/9.4.48.v20220622/jetty-util-9.4.48.v20220622.jar:/home/goldmund/.m2/repository/org/eclipse/jetty/jetty-io/9.4.48.v20220622/jetty-io-9.4.48.v20220622.jar:/home/goldmund/.m2/repository/org/eclipse/jetty/jetty-server/9.4.48.v20220622/jetty-server-9.4.48.v20220622.jar:/home/goldmund/.m2/repository/javax/servlet/javax.servlet-api/4.0.1/javax.servlet-api-4.0.1.jar:/home/goldmund/.m2/repository/com/google/guava/guava/21.0/guava-21.0.jar:/home/goldmund/.m2/repository/software/amazon/awssdk/dynamodb/2.17.259/dynamodb-2.17.259.jar:/home/goldmund/.m2/repository/software/amazon/awssdk/aws-json-protocol/2.17.259/aws-json-protocol-2.17.259.jar:/home/goldmund/.m2/repository/software/amazon/awssdk/third-party-jackson-core/2.17.259/third-party-jackson-core-2.17.259.jar:/home/goldmund/.m2/repository/software/amazon/awssdk/json-utils/2.17.259/json-utils-2.17.259.jar:/home/goldmund/.m2/repository/software/amazon/awssdk/protocol-core/2.17.259/protocol-core-2.17.259.jar:/home/goldmund/.m2/repository/software/amazon/awssdk/profiles/2.17.259/profiles-2.17.259.jar:/home/goldmund/.m2/repository/software/amazon/awssdk/sdk-core/2.17.259/sdk-core-2.17.259.jar:/home/goldmund/.m2/repository/org/reactivestreams/reactive-streams/1.0.4/reactive-streams-1.0.4.jar:/home/goldmund/.m2/repository/software/amazon/awssdk/auth/2.17.259/auth-2.17.259.jar:/home/goldmund/.m2/repository/software/amazon/eventstream/eventstream/1.0.1/eventstream-1.0.1.jar:/home/goldmund/.m2/repository/software/amazon/awssdk/http-client-spi/2.17.259/http-client-spi-2.17.259.jar:/home/goldmund/.m2/repository/software/amazon/awssdk/regions/2.17.259/regions-2.17.259.jar:/home/goldmund/.m2/repository/software/amazon/awssdk/annotations/2.17.259/annotations-2.17.259.jar:/home/goldmund/.m2/repository/software/amazon/awssdk/utils/2.17.259/utils-2.17.259.jar:/home/goldmund/.m2/repository/software/amazon/awssdk/aws-core/2.17.259/aws-core-2.17.259.jar:/home/goldmund/.m2/repository/software/amazon/awssdk/metrics-spi/2.17.259/metrics-spi-2.17.259.jar:/home/goldmund/.m2/repository/software/amazon/awssdk/apache-client/2.17.259/apache-client-2.17.259.jar:/home/goldmund/.m2/repository/org/apache/httpcomponents/httpcore/4.4.15/httpcore-4.4.15.jar:/home/goldmund/.m2/repository/software/amazon/awssdk/netty-nio-client/2.17.259/netty-nio-client-2.17.259.jar:/home/goldmund/.m2/repository/io/netty/netty-codec-http/4.1.79.Final/netty-codec-http-4.1.79.Final.jar:/home/goldmund/.m2/repository/io/netty/netty-codec-http2/4.1.79.Final/netty-codec-http2-4.1.79.Final.jar:/home/goldmund/.m2/repository/io/netty/netty-codec/4.1.79.Final/netty-codec-4.1.79.Final.jar:/home/goldmund/.m2/repository/io/netty/netty-transport/4.1.79.Final/netty-transport-4.1.79.Final.jar:/home/goldmund/.m2/repository/io/netty/netty-resolver/4.1.79.Final/netty-resolver-4.1.79.Final.jar:/home/goldmund/.m2/repository/io/netty/netty-common/4.1.79.Final/netty-common-4.1.79.Final.jar:/home/goldmund/.m2/repository/io/netty/netty-buffer/4.1.79.Final/netty-buffer-4.1.79.Final.jar:/home/goldmund/.m2/repository/io/netty/netty-handler/4.1.79.Final/netty-handler-4.1.79.Final.jar:/home/goldmund/.m2/repository/io/netty/netty-transport-native-unix-common/4.1.79.Final/netty-transport-native-unix-common-4.1.79.Final.jar:/home/goldmund/.m2/repository/io/netty/netty-transport-classes-epoll/4.1.79.Final/netty-transport-classes-epoll-4.1.79.Final.jar:/home/goldmund/.m2/repository/com/almworks/sqlite4java/sqlite4java/1.0.392/sqlite4java-1.0.392.jar:"/>
    <property name="sun.cpu.endian" value="little"/>
    <property name="user.home" value="/home/goldmund"/>
    <property name="user.language" value="en"/>
    <property name="java.specification.vendor" value="Oracle Corporation"/>
    <property name="java.version.date" value="2022-07-19"/>
    <property name="java.home" value="/usr/lib/jvm/java-17-openjdk-amd64"/>
    <property name="file.separator" value="/"/>
    <property name="basedir" value="/home/goldmund/repositories/gouache/services/resource"/>
    <property name="java.vm.compressedOopsMode" value="Zero based"/>
    <property name="line.separator" value="&#10;"/>
    <property name="java.vm.specification.vendor" value="Oracle Corporation"/>
    <property name="java.specification.name" value="Java Platform API Specification"/>
    <property name="sqlite4java.library.path" value="/home/goldmund/repositories/gouache/services/resource/target/native-libs"/>
    <property name="surefire.real.class.path" value="/home/goldmund/repositories/gouache/services/resource/target/surefire/surefirebooter14603229165728299089.jar"/>
    <property name="sun.management.compiler" value="HotSpot 64-Bit Tiered Compilers"/>
    <property name="java.runtime.version" value="17.0.4+8-Ubuntu-120.04"/>
    <property name="user.name" value="goldmund"/>
    <property name="path.separator" value=":"/>
    <property name="os.version" value="5.14.0-1049-oem"/>
    <property name="java.runtime.name" value="OpenJDK Runtime Environment"/>
    <property name="file.encoding" value="UTF-8"/>
    <property name="java.vm.name" value="OpenJDK 64-Bit Server VM"/>
    <property name="localRepository" value="/home/goldmund/.m2/repository"/>
    <property name="java.vendor.url.bug" value="Unknown"/>
    <property name="java.io.tmpdir" value="/tmp"/>
    <property name="java.version" value="17.0.4"/>
    <property name="user.dir" value="/home/goldmund/repositories/gouache/services/resource"/>
    <property name="os.arch" value="amd64"/>
    <property name="java.vm.specification.name" value="Java Virtual Machine Specification"/>
    <property name="native.encoding" value="UTF-8"/>
    <property name="java.library.path" value="/usr/java/packages/lib:/usr/lib/x86_64-linux-gnu/jni:/lib/x86_64-linux-gnu:/usr/lib/x86_64-linux-gnu:/usr/lib/jni:/lib:/usr/lib"/>
    <property name="java.vm.info" value="mixed mode, sharing"/>
    <property name="java.vendor" value="Private Build"/>
    <property name="java.vm.version" value="17.0.4+8-Ubuntu-120.04"/>
    <property name="sun.io.unicode.encoding" value="UnicodeLittle"/>
    <property name="java.class.version" value="61.0"/>
  </properties>
  <testcase name="createResourceSuccess" classname="com.github.exbotanical.resource.controllers.ResourceControllerTest" time="0.253"/>
  <testcase name="createGetResourceByIdNotFound" classname="com.github.exbotanical.resource.controllers.ResourceControllerTest" time="0.01"/>
  <testcase name="createGetResourceById" classname="com.github.exbotanical.resource.controllers.ResourceControllerTest" time="0.006"/>
  <testcase name="createResourceInvalidInput" classname="com.github.exbotanical.resource.controllers.ResourceControllerTest" time="0.026"/>
  <testcase name="createDeleteResourceById" classname="com.github.exbotanical.resource.controllers.ResourceControllerTest" time="0.014">
    <failure message="No value at JSON path &quot;$.data&quot;" type="java.lang.AssertionError">java.lang.AssertionError: No value at JSON path "$.data"
	at com.github.exbotanical.resource.controllers.ResourceControllerTest.createDeleteResourceById(ResourceControllerTest.java:130)
Caused by: java.lang.IllegalArgumentException: json can not be null or empty
	at com.github.exbotanical.resource.controllers.ResourceControllerTest.createDeleteResourceById(ResourceControllerTest.java:130)
</failure>
    <system-out><![CDATA[org.springframework.mock.web.MockHttpSession@793d09e

MockHttpServletRequest:
      HTTP Method = DELETE
      Request URI = /resource/a66de382-a9df-4fab-9d34-616e01e3e054
       Parameters = {}
          Headers = []
             Body = null
    Session Attrs = {}

Handler:
             Type = com.github.exbotanical.resource.controllers.ResourceController
           Method = com.github.exbotanical.resource.controllers.ResourceController#deleteResourceById(String)

Async:
    Async started = false
     Async result = null

Resolved Exception:
             Type = null

ModelAndView:
        View name = null
             View = null
            Model = null

FlashMap:
       Attributes = null

MockHttpServletResponse:
           Status = 200
    Error message = null
          Headers = [Vary:"Origin", "Access-Control-Request-Method", "Access-Control-Request-Headers"]
     Content type = null
             Body = 
    Forwarded URL = null
   Redirected URL = null
          Cookies = []
]]></system-out>
  </testcase>
</testsuite>